2014-12-18 14:05:24 root INFO Starting scraper with configuration from "547f8f369bcda406edffe62c" and loglevel "DEBUG"
2014-12-18 14:05:24 root INFO Getting paper 2603 from https://sessionnet.krz.de/moers/bi/vo0050.asp?__kvonr=2603
2014-12-18 14:05:25 parse DEBUG format '{day:d}.{month:d}.{year:d} {hour:d}:{minute:d}-{hourend:d}:{minuteend:d}' -> '(?P<day>[-+ ]?\\d+|0[xX][0-9a-fA-F]+|[0-9a-fA-F]+|0[bB][01]+|0[oO][0-7]+)\\.(?P<month>[-+ ]?\\d+|0[xX][0-9a-fA-F]+|[0-9a-fA-F]+|0[bB][01]+|0[oO][0-7]+)\\.(?P<year>[-+ ]?\\d+|0[xX][0-9a-fA-F]+|[0-9a-fA-F]+|0[bB][01]+|0[oO][0-7]+) (?P<hour>[-+ ]?\\d+|0[xX][0-9a-fA-F]+|[0-9a-fA-F]+|0[bB][01]+|0[oO][0-7]+):(?P<minute>[-+ ]?\\d+|0[xX][0-9a-fA-F]+|[0-9a-fA-F]+|0[bB][01]+|0[oO][0-7]+)-(?P<hourend>[-+ ]?\\d+|0[xX][0-9a-fA-F]+|[0-9a-fA-F]+|0[bB][01]+|0[oO][0-7]+):(?P<minuteend>[-+ ]?\\d+|0[xX][0-9a-fA-F]+|[0-9a-fA-F]+|0[bB][01]+|0[oO][0-7]+)'
2014-12-18 14:05:25 parse DEBUG format '{day:d}.{month:d}.{year:d} {hour:d}:{minute:d}' -> '(?P<day>[-+ ]?\\d+|0[xX][0-9a-fA-F]+|[0-9a-fA-F]+|0[bB][01]+|0[oO][0-7]+)\\.(?P<month>[-+ ]?\\d+|0[xX][0-9a-fA-F]+|[0-9a-fA-F]+|0[bB][01]+|0[oO][0-7]+)\\.(?P<year>[-+ ]?\\d+|0[xX][0-9a-fA-F]+|[0-9a-fA-F]+|0[bB][01]+|0[oO][0-7]+) (?P<hour>[-+ ]?\\d+|0[xX][0-9a-fA-F]+|[0-9a-fA-F]+|0[bB][01]+|0[oO][0-7]+):(?P<minute>[-+ ]?\\d+|0[xX][0-9a-fA-F]+|[0-9a-fA-F]+|0[bB][01]+|0[oO][0-7]+)'
2014-12-18 14:05:25 parse DEBUG format '{day:d}.{month:d}.{year:d}' -> '(?P<day>[-+ ]?\\d+|0[xX][0-9a-fA-F]+|[0-9a-fA-F]+|0[bB][01]+|0[oO][0-7]+)\\.(?P<month>[-+ ]?\\d+|0[xX][0-9a-fA-F]+|[0-9a-fA-F]+|0[bB][01]+|0[oO][0-7]+)\\.(?P<year>[-+ ]?\\d+|0[xX][0-9a-fA-F]+|[0-9a-fA-F]+|0[bB][01]+|0[oO][0-7]+)'
2014-12-18 14:05:25 root INFO Getting file '45510'
2014-12-18 14:05:25 root INFO Getting file '45364'
2014-12-18 14:05:26 root INFO Getting file '45365'
2014-12-18 14:05:26 root INFO New file version stored with _id=5492d1169bcda4068333a9f1
2014-12-18 14:05:26 root INFO File 45510 inserted with _id 5492d1169bcda4068333a9f3
2014-12-18 14:05:26 root INFO New file version stored with _id=5492d1169bcda4068333a9f4
2014-12-18 14:05:26 root INFO File 45364 inserted with _id 5492d1169bcda4068333a9f6
2014-12-18 14:05:26 root INFO New file version stored with _id=5492d1169bcda4068333a9f7
2014-12-18 14:05:26 root INFO File 45365 inserted with _id 5492d1169bcda4068333a9f9
2014-12-18 14:05:26 root INFO paper 2603 updated with _id 5492d03b9bcda4066da77d3d
2014-12-18 14:05:26 root DEBUG Key 'mainFile' will be added to paper
2014-12-18 14:05:26 root DEBUG Key 'originalUrl' will be added to paper
2014-12-18 14:05:26 root DEBUG Key 'name' will be added to paper
2014-12-18 14:05:26 root DEBUG Key 'publishedDate' will be added to paper
2014-12-18 14:05:26 root DEBUG Key 'nameShort' will be added to paper
2014-12-18 14:05:26 root DEBUG Key 'auxiliaryFile' will be added to paper
2014-12-18 14:05:26 root DEBUG Key 'paperType' will be added to paper
2014-12-18 14:05:27 root INFO Scraper finished.
2014-12-18 14:05:57 root INFO Starting scraper with configuration from "547f8f369bcda406edffe62c" and loglevel "DEBUG"
2014-12-18 14:05:57 root INFO Getting person 368 organizations from https://sessionnet.krz.de/moers/bi/kp0050.asp?__cwpall=1&__kpenr=368
2014-12-18 14:05:58 parse DEBUG format u'kp0040.asp?__kgrnr={committee_id:d}' -> u'kp0040\\.asp\\?__kgrnr=(?P<committee_id>[-+ ]?\\d+|0[xX][0-9a-fA-F]+|[0-9a-fA-F]+|0[bB][01]+|0[oO][0-7]+)'
2014-12-18 14:05:58 parse DEBUG format '{day:d}.{month:d}.{year:d} {hour:d}:{minute:d}-{hourend:d}:{minuteend:d}' -> '(?P<day>[-+ ]?\\d+|0[xX][0-9a-fA-F]+|[0-9a-fA-F]+|0[bB][01]+|0[oO][0-7]+)\\.(?P<month>[-+ ]?\\d+|0[xX][0-9a-fA-F]+|[0-9a-fA-F]+|0[bB][01]+|0[oO][0-7]+)\\.(?P<year>[-+ ]?\\d+|0[xX][0-9a-fA-F]+|[0-9a-fA-F]+|0[bB][01]+|0[oO][0-7]+) (?P<hour>[-+ ]?\\d+|0[xX][0-9a-fA-F]+|[0-9a-fA-F]+|0[bB][01]+|0[oO][0-7]+):(?P<minute>[-+ ]?\\d+|0[xX][0-9a-fA-F]+|[0-9a-fA-F]+|0[bB][01]+|0[oO][0-7]+)-(?P<hourend>[-+ ]?\\d+|0[xX][0-9a-fA-F]+|[0-9a-fA-F]+|0[bB][01]+|0[oO][0-7]+):(?P<minuteend>[-+ ]?\\d+|0[xX][0-9a-fA-F]+|[0-9a-fA-F]+|0[bB][01]+|0[oO][0-7]+)'
2014-12-18 14:05:58 parse DEBUG format '{day:d}.{month:d}.{year:d} {hour:d}:{minute:d}' -> '(?P<day>[-+ ]?\\d+|0[xX][0-9a-fA-F]+|[0-9a-fA-F]+|0[bB][01]+|0[oO][0-7]+)\\.(?P<month>[-+ ]?\\d+|0[xX][0-9a-fA-F]+|[0-9a-fA-F]+|0[bB][01]+|0[oO][0-7]+)\\.(?P<year>[-+ ]?\\d+|0[xX][0-9a-fA-F]+|[0-9a-fA-F]+|0[bB][01]+|0[oO][0-7]+) (?P<hour>[-+ ]?\\d+|0[xX][0-9a-fA-F]+|[0-9a-fA-F]+|0[bB][01]+|0[oO][0-7]+):(?P<minute>[-+ ]?\\d+|0[xX][0-9a-fA-F]+|[0-9a-fA-F]+|0[bB][01]+|0[oO][0-7]+)'
2014-12-18 14:05:58 parse DEBUG format '{day:d}.{month:d}.{year:d}' -> '(?P<day>[-+ ]?\\d+|0[xX][0-9a-fA-F]+|[0-9a-fA-F]+|0[bB][01]+|0[oO][0-7]+)\\.(?P<month>[-+ ]?\\d+|0[xX][0-9a-fA-F]+|[0-9a-fA-F]+|0[bB][01]+|0[oO][0-7]+)\\.(?P<year>[-+ ]?\\d+|0[xX][0-9a-fA-F]+|[0-9a-fA-F]+|0[bB][01]+|0[oO][0-7]+)'
2014-12-18 14:05:58 parse DEBUG format '{day:d}.{month:d}.{year:d} {hour:d}:{minute:d}-{hourend:d}:{minuteend:d}' -> '(?P<day>[-+ ]?\\d+|0[xX][0-9a-fA-F]+|[0-9a-fA-F]+|0[bB][01]+|0[oO][0-7]+)\\.(?P<month>[-+ ]?\\d+|0[xX][0-9a-fA-F]+|[0-9a-fA-F]+|0[bB][01]+|0[oO][0-7]+)\\.(?P<year>[-+ ]?\\d+|0[xX][0-9a-fA-F]+|[0-9a-fA-F]+|0[bB][01]+|0[oO][0-7]+) (?P<hour>[-+ ]?\\d+|0[xX][0-9a-fA-F]+|[0-9a-fA-F]+|0[bB][01]+|0[oO][0-7]+):(?P<minute>[-+ ]?\\d+|0[xX][0-9a-fA-F]+|[0-9a-fA-F]+|0[bB][01]+|0[oO][0-7]+)-(?P<hourend>[-+ ]?\\d+|0[xX][0-9a-fA-F]+|[0-9a-fA-F]+|0[bB][01]+|0[oO][0-7]+):(?P<minuteend>[-+ ]?\\d+|0[xX][0-9a-fA-F]+|[0-9a-fA-F]+|0[bB][01]+|0[oO][0-7]+)'
2014-12-18 14:05:58 parse DEBUG format '{day:d}.{month:d}.{year:d} {hour:d}:{minute:d}' -> '(?P<day>[-+ ]?\\d+|0[xX][0-9a-fA-F]+|[0-9a-fA-F]+|0[bB][01]+|0[oO][0-7]+)\\.(?P<month>[-+ ]?\\d+|0[xX][0-9a-fA-F]+|[0-9a-fA-F]+|0[bB][01]+|0[oO][0-7]+)\\.(?P<year>[-+ ]?\\d+|0[xX][0-9a-fA-F]+|[0-9a-fA-F]+|0[bB][01]+|0[oO][0-7]+) (?P<hour>[-+ ]?\\d+|0[xX][0-9a-fA-F]+|[0-9a-fA-F]+|0[bB][01]+|0[oO][0-7]+):(?P<minute>[-+ ]?\\d+|0[xX][0-9a-fA-F]+|[0-9a-fA-F]+|0[bB][01]+|0[oO][0-7]+)'
2014-12-18 14:05:58 parse DEBUG format '{day:d}.{month:d}.{year:d}' -> '(?P<day>[-+ ]?\\d+|0[xX][0-9a-fA-F]+|[0-9a-fA-F]+|0[bB][01]+|0[oO][0-7]+)\\.(?P<month>[-+ ]?\\d+|0[xX][0-9a-fA-F]+|[0-9a-fA-F]+|0[bB][01]+|0[oO][0-7]+)\\.(?P<year>[-+ ]?\\d+|0[xX][0-9a-fA-F]+|[0-9a-fA-F]+|0[bB][01]+|0[oO][0-7]+)'
2014-12-18 14:05:58 parse DEBUG format u'kp0040.asp?__kgrnr={committee_id:d}' -> u'kp0040\\.asp\\?__kgrnr=(?P<committee_id>[-+ ]?\\d+|0[xX][0-9a-fA-F]+|[0-9a-fA-F]+|0[bB][01]+|0[oO][0-7]+)'
2014-12-18 14:05:58 parse DEBUG format '{day:d}.{month:d}.{year:d} {hour:d}:{minute:d}-{hourend:d}:{minuteend:d}' -> '(?P<day>[-+ ]?\\d+|0[xX][0-9a-fA-F]+|[0-9a-fA-F]+|0[bB][01]+|0[oO][0-7]+)\\.(?P<month>[-+ ]?\\d+|0[xX][0-9a-fA-F]+|[0-9a-fA-F]+|0[bB][01]+|0[oO][0-7]+)\\.(?P<year>[-+ ]?\\d+|0[xX][0-9a-fA-F]+|[0-9a-fA-F]+|0[bB][01]+|0[oO][0-7]+) (?P<hour>[-+ ]?\\d+|0[xX][0-9a-fA-F]+|[0-9a-fA-F]+|0[bB][01]+|0[oO][0-7]+):(?P<minute>[-+ ]?\\d+|0[xX][0-9a-fA-F]+|[0-9a-fA-F]+|0[bB][01]+|0[oO][0-7]+)-(?P<hourend>[-+ ]?\\d+|0[xX][0-9a-fA-F]+|[0-9a-fA-F]+|0[bB][01]+|0[oO][0-7]+):(?P<minuteend>[-+ ]?\\d+|0[xX][0-9a-fA-F]+|[0-9a-fA-F]+|0[bB][01]+|0[oO][0-7]+)'
2014-12-18 14:05:58 parse DEBUG format '{day:d}.{month:d}.{year:d} {hour:d}:{minute:d}' -> '(?P<day>[-+ ]?\\d+|0[xX][0-9a-fA-F]+|[0-9a-fA-F]+|0[bB][01]+|0[oO][0-7]+)\\.(?P<month>[-+ ]?\\d+|0[xX][0-9a-fA-F]+|[0-9a-fA-F]+|0[bB][01]+|0[oO][0-7]+)\\.(?P<year>[-+ ]?\\d+|0[xX][0-9a-fA-F]+|[0-9a-fA-F]+|0[bB][01]+|0[oO][0-7]+) (?P<hour>[-+ ]?\\d+|0[xX][0-9a-fA-F]+|[0-9a-fA-F]+|0[bB][01]+|0[oO][0-7]+):(?P<minute>[-+ ]?\\d+|0[xX][0-9a-fA-F]+|[0-9a-fA-F]+|0[bB][01]+|0[oO][0-7]+)'
2014-12-18 14:05:58 parse DEBUG format '{day:d}.{month:d}.{year:d}' -> '(?P<day>[-+ ]?\\d+|0[xX][0-9a-fA-F]+|[0-9a-fA-F]+|0[bB][01]+|0[oO][0-7]+)\\.(?P<month>[-+ ]?\\d+|0[xX][0-9a-fA-F]+|[0-9a-fA-F]+|0[bB][01]+|0[oO][0-7]+)\\.(?P<year>[-+ ]?\\d+|0[xX][0-9a-fA-F]+|[0-9a-fA-F]+|0[bB][01]+|0[oO][0-7]+)'
2014-12-18 14:05:58 parse DEBUG format '{day:d}.{month:d}.{year:d} {hour:d}:{minute:d}-{hourend:d}:{minuteend:d}' -> '(?P<day>[-+ ]?\\d+|0[xX][0-9a-fA-F]+|[0-9a-fA-F]+|0[bB][01]+|0[oO][0-7]+)\\.(?P<month>[-+ ]?\\d+|0[xX][0-9a-fA-F]+|[0-9a-fA-F]+|0[bB][01]+|0[oO][0-7]+)\\.(?P<year>[-+ ]?\\d+|0[xX][0-9a-fA-F]+|[0-9a-fA-F]+|0[bB][01]+|0[oO][0-7]+) (?P<hour>[-+ ]?\\d+|0[xX][0-9a-fA-F]+|[0-9a-fA-F]+|0[bB][01]+|0[oO][0-7]+):(?P<minute>[-+ ]?\\d+|0[xX][0-9a-fA-F]+|[0-9a-fA-F]+|0[bB][01]+|0[oO][0-7]+)-(?P<hourend>[-+ ]?\\d+|0[xX][0-9a-fA-F]+|[0-9a-fA-F]+|0[bB][01]+|0[oO][0-7]+):(?P<minuteend>[-+ ]?\\d+|0[xX][0-9a-fA-F]+|[0-9a-fA-F]+|0[bB][01]+|0[oO][0-7]+)'
2014-12-18 14:05:58 parse DEBUG format '{day:d}.{month:d}.{year:d} {hour:d}:{minute:d}' -> '(?P<day>[-+ ]?\\d+|0[xX][0-9a-fA-F]+|[0-9a-fA-F]+|0[bB][01]+|0[oO][0-7]+)\\.(?P<month>[-+ ]?\\d+|0[xX][0-9a-fA-F]+|[0-9a-fA-F]+|0[bB][01]+|0[oO][0-7]+)\\.(?P<year>[-+ ]?\\d+|0[xX][0-9a-fA-F]+|[0-9a-fA-F]+|0[bB][01]+|0[oO][0-7]+) (?P<hour>[-+ ]?\\d+|0[xX][0-9a-fA-F]+|[0-9a-fA-F]+|0[bB][01]+|0[oO][0-7]+):(?P<minute>[-+ ]?\\d+|0[xX][0-9a-fA-F]+|[0-9a-fA-F]+|0[bB][01]+|0[oO][0-7]+)'
2014-12-18 14:05:58 parse DEBUG format '{day:d}.{month:d}.{year:d}' -> '(?P<day>[-+ ]?\\d+|0[xX][0-9a-fA-F]+|[0-9a-fA-F]+|0[bB][01]+|0[oO][0-7]+)\\.(?P<month>[-+ ]?\\d+|0[xX][0-9a-fA-F]+|[0-9a-fA-F]+|0[bB][01]+|0[oO][0-7]+)\\.(?P<year>[-+ ]?\\d+|0[xX][0-9a-fA-F]+|[0-9a-fA-F]+|0[bB][01]+|0[oO][0-7]+)'
2014-12-18 14:05:58 parse DEBUG format u'kp0040.asp?__kgrnr={committee_id:d}' -> u'kp0040\\.asp\\?__kgrnr=(?P<committee_id>[-+ ]?\\d+|0[xX][0-9a-fA-F]+|[0-9a-fA-F]+|0[bB][01]+|0[oO][0-7]+)'
2014-12-18 14:05:58 parse DEBUG format '{day:d}.{month:d}.{year:d} {hour:d}:{minute:d}-{hourend:d}:{minuteend:d}' -> '(?P<day>[-+ ]?\\d+|0[xX][0-9a-fA-F]+|[0-9a-fA-F]+|0[bB][01]+|0[oO][0-7]+)\\.(?P<month>[-+ ]?\\d+|0[xX][0-9a-fA-F]+|[0-9a-fA-F]+|0[bB][01]+|0[oO][0-7]+)\\.(?P<year>[-+ ]?\\d+|0[xX][0-9a-fA-F]+|[0-9a-fA-F]+|0[bB][01]+|0[oO][0-7]+) (?P<hour>[-+ ]?\\d+|0[xX][0-9a-fA-F]+|[0-9a-fA-F]+|0[bB][01]+|0[oO][0-7]+):(?P<minute>[-+ ]?\\d+|0[xX][0-9a-fA-F]+|[0-9a-fA-F]+|0[bB][01]+|0[oO][0-7]+)-(?P<hourend>[-+ ]?\\d+|0[xX][0-9a-fA-F]+|[0-9a-fA-F]+|0[bB][01]+|0[oO][0-7]+):(?P<minuteend>[-+ ]?\\d+|0[xX][0-9a-fA-F]+|[0-9a-fA-F]+|0[bB][01]+|0[oO][0-7]+)'
2014-12-18 14:05:58 parse DEBUG format '{day:d}.{month:d}.{year:d} {hour:d}:{minute:d}' -> '(?P<day>[-+ ]?\\d+|0[xX][0-9a-fA-F]+|[0-9a-fA-F]+|0[bB][01]+|0[oO][0-7]+)\\.(?P<month>[-+ ]?\\d+|0[xX][0-9a-fA-F]+|[0-9a-fA-F]+|0[bB][01]+|0[oO][0-7]+)\\.(?P<year>[-+ ]?\\d+|0[xX][0-9a-fA-F]+|[0-9a-fA-F]+|0[bB][01]+|0[oO][0-7]+) (?P<hour>[-+ ]?\\d+|0[xX][0-9a-fA-F]+|[0-9a-fA-F]+|0[bB][01]+|0[oO][0-7]+):(?P<minute>[-+ ]?\\d+|0[xX][0-9a-fA-F]+|[0-9a-fA-F]+|0[bB][01]+|0[oO][0-7]+)'
2014-12-18 14:05:58 parse DEBUG format '{day:d}.{month:d}.{year:d}' -> '(?P<day>[-+ ]?\\d+|0[xX][0-9a-fA-F]+|[0-9a-fA-F]+|0[bB][01]+|0[oO][0-7]+)\\.(?P<month>[-+ ]?\\d+|0[xX][0-9a-fA-F]+|[0-9a-fA-F]+|0[bB][01]+|0[oO][0-7]+)\\.(?P<year>[-+ ]?\\d+|0[xX][0-9a-fA-F]+|[0-9a-fA-F]+|0[bB][01]+|0[oO][0-7]+)'
2014-12-18 14:05:58 parse DEBUG format '{day:d}.{month:d}.{year:d} {hour:d}:{minute:d}-{hourend:d}:{minuteend:d}' -> '(?P<day>[-+ ]?\\d+|0[xX][0-9a-fA-F]+|[0-9a-fA-F]+|0[bB][01]+|0[oO][0-7]+)\\.(?P<month>[-+ ]?\\d+|0[xX][0-9a-fA-F]+|[0-9a-fA-F]+|0[bB][01]+|0[oO][0-7]+)\\.(?P<year>[-+ ]?\\d+|0[xX][0-9a-fA-F]+|[0-9a-fA-F]+|0[bB][01]+|0[oO][0-7]+) (?P<hour>[-+ ]?\\d+|0[xX][0-9a-fA-F]+|[0-9a-fA-F]+|0[bB][01]+|0[oO][0-7]+):(?P<minute>[-+ ]?\\d+|0[xX][0-9a-fA-F]+|[0-9a-fA-F]+|0[bB][01]+|0[oO][0-7]+)-(?P<hourend>[-+ ]?\\d+|0[xX][0-9a-fA-F]+|[0-9a-fA-F]+|0[bB][01]+|0[oO][0-7]+):(?P<minuteend>[-+ ]?\\d+|0[xX][0-9a-fA-F]+|[0-9a-fA-F]+|0[bB][01]+|0[oO][0-7]+)'
2014-12-18 14:05:58 parse DEBUG format '{day:d}.{month:d}.{year:d} {hour:d}:{minute:d}' -> '(?P<day>[-+ ]?\\d+|0[xX][0-9a-fA-F]+|[0-9a-fA-F]+|0[bB][01]+|0[oO][0-7]+)\\.(?P<month>[-+ ]?\\d+|0[xX][0-9a-fA-F]+|[0-9a-fA-F]+|0[bB][01]+|0[oO][0-7]+)\\.(?P<year>[-+ ]?\\d+|0[xX][0-9a-fA-F]+|[0-9a-fA-F]+|0[bB][01]+|0[oO][0-7]+) (?P<hour>[-+ ]?\\d+|0[xX][0-9a-fA-F]+|[0-9a-fA-F]+|0[bB][01]+|0[oO][0-7]+):(?P<minute>[-+ ]?\\d+|0[xX][0-9a-fA-F]+|[0-9a-fA-F]+|0[bB][01]+|0[oO][0-7]+)'
2014-12-18 14:05:58 parse DEBUG format '{day:d}.{month:d}.{year:d}' -> '(?P<day>[-+ ]?\\d+|0[xX][0-9a-fA-F]+|[0-9a-fA-F]+|0[bB][01]+|0[oO][0-7]+)\\.(?P<month>[-+ ]?\\d+|0[xX][0-9a-fA-F]+|[0-9a-fA-F]+|0[bB][01]+|0[oO][0-7]+)\\.(?P<year>[-+ ]?\\d+|0[xX][0-9a-fA-F]+|[0-9a-fA-F]+|0[bB][01]+|0[oO][0-7]+)'
2014-12-18 14:05:58 parse DEBUG format u'kp0040.asp?__kgrnr={committee_id:d}' -> u'kp0040\\.asp\\?__kgrnr=(?P<committee_id>[-+ ]?\\d+|0[xX][0-9a-fA-F]+|[0-9a-fA-F]+|0[bB][01]+|0[oO][0-7]+)'
2014-12-18 14:05:58 parse DEBUG format '{day:d}.{month:d}.{year:d} {hour:d}:{minute:d}-{hourend:d}:{minuteend:d}' -> '(?P<day>[-+ ]?\\d+|0[xX][0-9a-fA-F]+|[0-9a-fA-F]+|0[bB][01]+|0[oO][0-7]+)\\.(?P<month>[-+ ]?\\d+|0[xX][0-9a-fA-F]+|[0-9a-fA-F]+|0[bB][01]+|0[oO][0-7]+)\\.(?P<year>[-+ ]?\\d+|0[xX][0-9a-fA-F]+|[0-9a-fA-F]+|0[bB][01]+|0[oO][0-7]+) (?P<hour>[-+ ]?\\d+|0[xX][0-9a-fA-F]+|[0-9a-fA-F]+|0[bB][01]+|0[oO][0-7]+):(?P<minute>[-+ ]?\\d+|0[xX][0-9a-fA-F]+|[0-9a-fA-F]+|0[bB][01]+|0[oO][0-7]+)-(?P<hourend>[-+ ]?\\d+|0[xX][0-9a-fA-F]+|[0-9a-fA-F]+|0[bB][01]+|0[oO][0-7]+):(?P<minuteend>[-+ ]?\\d+|0[xX][0-9a-fA-F]+|[0-9a-fA-F]+|0[bB][01]+|0[oO][0-7]+)'
2014-12-18 14:05:58 parse DEBUG format '{day:d}.{month:d}.{year:d} {hour:d}:{minute:d}' -> '(?P<day>[-+ ]?\\d+|0[xX][0-9a-fA-F]+|[0-9a-fA-F]+|0[bB][01]+|0[oO][0-7]+)\\.(?P<month>[-+ ]?\\d+|0[xX][0-9a-fA-F]+|[0-9a-fA-F]+|0[bB][01]+|0[oO][0-7]+)\\.(?P<year>[-+ ]?\\d+|0[xX][0-9a-fA-F]+|[0-9a-fA-F]+|0[bB][01]+|0[oO][0-7]+) (?P<hour>[-+ ]?\\d+|0[xX][0-9a-fA-F]+|[0-9a-fA-F]+|0[bB][01]+|0[oO][0-7]+):(?P<minute>[-+ ]?\\d+|0[xX][0-9a-fA-F]+|[0-9a-fA-F]+|0[bB][01]+|0[oO][0-7]+)'
2014-12-18 14:05:58 parse DEBUG format '{day:d}.{month:d}.{year:d}' -> '(?P<day>[-+ ]?\\d+|0[xX][0-9a-fA-F]+|[0-9a-fA-F]+|0[bB][01]+|0[oO][0-7]+)\\.(?P<month>[-+ ]?\\d+|0[xX][0-9a-fA-F]+|[0-9a-fA-F]+|0[bB][01]+|0[oO][0-7]+)\\.(?P<year>[-+ ]?\\d+|0[xX][0-9a-fA-F]+|[0-9a-fA-F]+|0[bB][01]+|0[oO][0-7]+)'
2014-12-18 14:05:58 parse DEBUG format '{day:d}.{month:d}.{year:d} {hour:d}:{minute:d}-{hourend:d}:{minuteend:d}' -> '(?P<day>[-+ ]?\\d+|0[xX][0-9a-fA-F]+|[0-9a-fA-F]+|0[bB][01]+|0[oO][0-7]+)\\.(?P<month>[-+ ]?\\d+|0[xX][0-9a-fA-F]+|[0-9a-fA-F]+|0[bB][01]+|0[oO][0-7]+)\\.(?P<year>[-+ ]?\\d+|0[xX][0-9a-fA-F]+|[0-9a-fA-F]+|0[bB][01]+|0[oO][0-7]+) (?P<hour>[-+ ]?\\d+|0[xX][0-9a-fA-F]+|[0-9a-fA-F]+|0[bB][01]+|0[oO][0-7]+):(?P<minute>[-+ ]?\\d+|0[xX][0-9a-fA-F]+|[0-9a-fA-F]+|0[bB][01]+|0[oO][0-7]+)-(?P<hourend>[-+ ]?\\d+|0[xX][0-9a-fA-F]+|[0-9a-fA-F]+|0[bB][01]+|0[oO][0-7]+):(?P<minuteend>[-+ ]?\\d+|0[xX][0-9a-fA-F]+|[0-9a-fA-F]+|0[bB][01]+|0[oO][0-7]+)'
2014-12-18 14:05:58 parse DEBUG format '{day:d}.{month:d}.{year:d} {hour:d}:{minute:d}' -> '(?P<day>[-+ ]?\\d+|0[xX][0-9a-fA-F]+|[0-9a-fA-F]+|0[bB][01]+|0[oO][0-7]+)\\.(?P<month>[-+ ]?\\d+|0[xX][0-9a-fA-F]+|[0-9a-fA-F]+|0[bB][01]+|0[oO][0-7]+)\\.(?P<year>[-+ ]?\\d+|0[xX][0-9a-fA-F]+|[0-9a-fA-F]+|0[bB][01]+|0[oO][0-7]+) (?P<hour>[-+ ]?\\d+|0[xX][0-9a-fA-F]+|[0-9a-fA-F]+|0[bB][01]+|0[oO][0-7]+):(?P<minute>[-+ ]?\\d+|0[xX][0-9a-fA-F]+|[0-9a-fA-F]+|0[bB][01]+|0[oO][0-7]+)'
2014-12-18 14:05:58 parse DEBUG format '{day:d}.{month:d}.{year:d}' -> '(?P<day>[-+ ]?\\d+|0[xX][0-9a-fA-F]+|[0-9a-fA-F]+|0[bB][01]+|0[oO][0-7]+)\\.(?P<month>[-+ ]?\\d+|0[xX][0-9a-fA-F]+|[0-9a-fA-F]+|0[bB][01]+|0[oO][0-7]+)\\.(?P<year>[-+ ]?\\d+|0[xX][0-9a-fA-F]+|[0-9a-fA-F]+|0[bB][01]+|0[oO][0-7]+)'
2014-12-18 14:05:58 parse DEBUG format u'kp0040.asp?__kgrnr={committee_id:d}' -> u'kp0040\\.asp\\?__kgrnr=(?P<committee_id>[-+ ]?\\d+|0[xX][0-9a-fA-F]+|[0-9a-fA-F]+|0[bB][01]+|0[oO][0-7]+)'
2014-12-18 14:05:58 parse DEBUG format '{day:d}.{month:d}.{year:d} {hour:d}:{minute:d}-{hourend:d}:{minuteend:d}' -> '(?P<day>[-+ ]?\\d+|0[xX][0-9a-fA-F]+|[0-9a-fA-F]+|0[bB][01]+|0[oO][0-7]+)\\.(?P<month>[-+ ]?\\d+|0[xX][0-9a-fA-F]+|[0-9a-fA-F]+|0[bB][01]+|0[oO][0-7]+)\\.(?P<year>[-+ ]?\\d+|0[xX][0-9a-fA-F]+|[0-9a-fA-F]+|0[bB][01]+|0[oO][0-7]+) (?P<hour>[-+ ]?\\d+|0[xX][0-9a-fA-F]+|[0-9a-fA-F]+|0[bB][01]+|0[oO][0-7]+):(?P<minute>[-+ ]?\\d+|0[xX][0-9a-fA-F]+|[0-9a-fA-F]+|0[bB][01]+|0[oO][0-7]+)-(?P<hourend>[-+ ]?\\d+|0[xX][0-9a-fA-F]+|[0-9a-fA-F]+|0[bB][01]+|0[oO][0-7]+):(?P<minuteend>[-+ ]?\\d+|0[xX][0-9a-fA-F]+|[0-9a-fA-F]+|0[bB][01]+|0[oO][0-7]+)'
2014-12-18 14:05:58 parse DEBUG format '{day:d}.{month:d}.{year:d} {hour:d}:{minute:d}' -> '(?P<day>[-+ ]?\\d+|0[xX][0-9a-fA-F]+|[0-9a-fA-F]+|0[bB][01]+|0[oO][0-7]+)\\.(?P<month>[-+ ]?\\d+|0[xX][0-9a-fA-F]+|[0-9a-fA-F]+|0[bB][01]+|0[oO][0-7]+)\\.(?P<year>[-+ ]?\\d+|0[xX][0-9a-fA-F]+|[0-9a-fA-F]+|0[bB][01]+|0[oO][0-7]+) (?P<hour>[-+ ]?\\d+|0[xX][0-9a-fA-F]+|[0-9a-fA-F]+|0[bB][01]+|0[oO][0-7]+):(?P<minute>[-+ ]?\\d+|0[xX][0-9a-fA-F]+|[0-9a-fA-F]+|0[bB][01]+|0[oO][0-7]+)'
2014-12-18 14:05:58 parse DEBUG format '{day:d}.{month:d}.{year:d}' -> '(?P<day>[-+ ]?\\d+|0[xX][0-9a-fA-F]+|[0-9a-fA-F]+|0[bB][01]+|0[oO][0-7]+)\\.(?P<month>[-+ ]?\\d+|0[xX][0-9a-fA-F]+|[0-9a-fA-F]+|0[bB][01]+|0[oO][0-7]+)\\.(?P<year>[-+ ]?\\d+|0[xX][0-9a-fA-F]+|[0-9a-fA-F]+|0[bB][01]+|0[oO][0-7]+)'
2014-12-18 14:05:58 parse DEBUG format '{day:d}.{month:d}.{year:d} {hour:d}:{minute:d}-{hourend:d}:{minuteend:d}' -> '(?P<day>[-+ ]?\\d+|0[xX][0-9a-fA-F]+|[0-9a-fA-F]+|0[bB][01]+|0[oO][0-7]+)\\.(?P<month>[-+ ]?\\d+|0[xX][0-9a-fA-F]+|[0-9a-fA-F]+|0[bB][01]+|0[oO][0-7]+)\\.(?P<year>[-+ ]?\\d+|0[xX][0-9a-fA-F]+|[0-9a-fA-F]+|0[bB][01]+|0[oO][0-7]+) (?P<hour>[-+ ]?\\d+|0[xX][0-9a-fA-F]+|[0-9a-fA-F]+|0[bB][01]+|0[oO][0-7]+):(?P<minute>[-+ ]?\\d+|0[xX][0-9a-fA-F]+|[0-9a-fA-F]+|0[bB][01]+|0[oO][0-7]+)-(?P<hourend>[-+ ]?\\d+|0[xX][0-9a-fA-F]+|[0-9a-fA-F]+|0[bB][01]+|0[oO][0-7]+):(?P<minuteend>[-+ ]?\\d+|0[xX][0-9a-fA-F]+|[0-9a-fA-F]+|0[bB][01]+|0[oO][0-7]+)'
2014-12-18 14:05:58 parse DEBUG format '{day:d}.{month:d}.{year:d} {hour:d}:{minute:d}' -> '(?P<day>[-+ ]?\\d+|0[xX][0-9a-fA-F]+|[0-9a-fA-F]+|0[bB][01]+|0[oO][0-7]+)\\.(?P<month>[-+ ]?\\d+|0[xX][0-9a-fA-F]+|[0-9a-fA-F]+|0[bB][01]+|0[oO][0-7]+)\\.(?P<year>[-+ ]?\\d+|0[xX][0-9a-fA-F]+|[0-9a-fA-F]+|0[bB][01]+|0[oO][0-7]+) (?P<hour>[-+ ]?\\d+|0[xX][0-9a-fA-F]+|[0-9a-fA-F]+|0[bB][01]+|0[oO][0-7]+):(?P<minute>[-+ ]?\\d+|0[xX][0-9a-fA-F]+|[0-9a-fA-F]+|0[bB][01]+|0[oO][0-7]+)'
2014-12-18 14:05:58 parse DEBUG format '{day:d}.{month:d}.{year:d}' -> '(?P<day>[-+ ]?\\d+|0[xX][0-9a-fA-F]+|[0-9a-fA-F]+|0[bB][01]+|0[oO][0-7]+)\\.(?P<month>[-+ ]?\\d+|0[xX][0-9a-fA-F]+|[0-9a-fA-F]+|0[bB][01]+|0[oO][0-7]+)\\.(?P<year>[-+ ]?\\d+|0[xX][0-9a-fA-F]+|[0-9a-fA-F]+|0[bB][01]+|0[oO][0-7]+)'
2014-12-18 14:05:58 parse DEBUG format u'kp0040.asp?__kgrnr={committee_id:d}' -> u'kp0040\\.asp\\?__kgrnr=(?P<committee_id>[-+ ]?\\d+|0[xX][0-9a-fA-F]+|[0-9a-fA-F]+|0[bB][01]+|0[oO][0-7]+)'
2014-12-18 14:05:58 parse DEBUG format '{day:d}.{month:d}.{year:d} {hour:d}:{minute:d}-{hourend:d}:{minuteend:d}' -> '(?P<day>[-+ ]?\\d+|0[xX][0-9a-fA-F]+|[0-9a-fA-F]+|0[bB][01]+|0[oO][0-7]+)\\.(?P<month>[-+ ]?\\d+|0[xX][0-9a-fA-F]+|[0-9a-fA-F]+|0[bB][01]+|0[oO][0-7]+)\\.(?P<year>[-+ ]?\\d+|0[xX][0-9a-fA-F]+|[0-9a-fA-F]+|0[bB][01]+|0[oO][0-7]+) (?P<hour>[-+ ]?\\d+|0[xX][0-9a-fA-F]+|[0-9a-fA-F]+|0[bB][01]+|0[oO][0-7]+):(?P<minute>[-+ ]?\\d+|0[xX][0-9a-fA-F]+|[0-9a-fA-F]+|0[bB][01]+|0[oO][0-7]+)-(?P<hourend>[-+ ]?\\d+|0[xX][0-9a-fA-F]+|[0-9a-fA-F]+|0[bB][01]+|0[oO][0-7]+):(?P<minuteend>[-+ ]?\\d+|0[xX][0-9a-fA-F]+|[0-9a-fA-F]+|0[bB][01]+|0[oO][0-7]+)'
2014-12-18 14:05:58 parse DEBUG format '{day:d}.{month:d}.{year:d} {hour:d}:{minute:d}' -> '(?P<day>[-+ ]?\\d+|0[xX][0-9a-fA-F]+|[0-9a-fA-F]+|0[bB][01]+|0[oO][0-7]+)\\.(?P<month>[-+ ]?\\d+|0[xX][0-9a-fA-F]+|[0-9a-fA-F]+|0[bB][01]+|0[oO][0-7]+)\\.(?P<year>[-+ ]?\\d+|0[xX][0-9a-fA-F]+|[0-9a-fA-F]+|0[bB][01]+|0[oO][0-7]+) (?P<hour>[-+ ]?\\d+|0[xX][0-9a-fA-F]+|[0-9a-fA-F]+|0[bB][01]+|0[oO][0-7]+):(?P<minute>[-+ ]?\\d+|0[xX][0-9a-fA-F]+|[0-9a-fA-F]+|0[bB][01]+|0[oO][0-7]+)'
2014-12-18 14:05:58 parse DEBUG format '{day:d}.{month:d}.{year:d}' -> '(?P<day>[-+ ]?\\d+|0[xX][0-9a-fA-F]+|[0-9a-fA-F]+|0[bB][01]+|0[oO][0-7]+)\\.(?P<month>[-+ ]?\\d+|0[xX][0-9a-fA-F]+|[0-9a-fA-F]+|0[bB][01]+|0[oO][0-7]+)\\.(?P<year>[-+ ]?\\d+|0[xX][0-9a-fA-F]+|[0-9a-fA-F]+|0[bB][01]+|0[oO][0-7]+)'
2014-12-18 14:05:58 parse DEBUG format '{day:d}.{month:d}.{year:d} {hour:d}:{minute:d}-{hourend:d}:{minuteend:d}' -> '(?P<day>[-+ ]?\\d+|0[xX][0-9a-fA-F]+|[0-9a-fA-F]+|0[bB][01]+|0[oO][0-7]+)\\.(?P<month>[-+ ]?\\d+|0[xX][0-9a-fA-F]+|[0-9a-fA-F]+|0[bB][01]+|0[oO][0-7]+)\\.(?P<year>[-+ ]?\\d+|0[xX][0-9a-fA-F]+|[0-9a-fA-F]+|0[bB][01]+|0[oO][0-7]+) (?P<hour>[-+ ]?\\d+|0[xX][0-9a-fA-F]+|[0-9a-fA-F]+|0[bB][01]+|0[oO][0-7]+):(?P<minute>[-+ ]?\\d+|0[xX][0-9a-fA-F]+|[0-9a-fA-F]+|0[bB][01]+|0[oO][0-7]+)-(?P<hourend>[-+ ]?\\d+|0[xX][0-9a-fA-F]+|[0-9a-fA-F]+|0[bB][01]+|0[oO][0-7]+):(?P<minuteend>[-+ ]?\\d+|0[xX][0-9a-fA-F]+|[0-9a-fA-F]+|0[bB][01]+|0[oO][0-7]+)'
2014-12-18 14:05:58 parse DEBUG format '{day:d}.{month:d}.{year:d} {hour:d}:{minute:d}' -> '(?P<day>[-+ ]?\\d+|0[xX][0-9a-fA-F]+|[0-9a-fA-F]+|0[bB][01]+|0[oO][0-7]+)\\.(?P<month>[-+ ]?\\d+|0[xX][0-9a-fA-F]+|[0-9a-fA-F]+|0[bB][01]+|0[oO][0-7]+)\\.(?P<year>[-+ ]?\\d+|0[xX][0-9a-fA-F]+|[0-9a-fA-F]+|0[bB][01]+|0[oO][0-7]+) (?P<hour>[-+ ]?\\d+|0[xX][0-9a-fA-F]+|[0-9a-fA-F]+|0[bB][01]+|0[oO][0-7]+):(?P<minute>[-+ ]?\\d+|0[xX][0-9a-fA-F]+|[0-9a-fA-F]+|0[bB][01]+|0[oO][0-7]+)'
2014-12-18 14:05:58 parse DEBUG format '{day:d}.{month:d}.{year:d}' -> '(?P<day>[-+ ]?\\d+|0[xX][0-9a-fA-F]+|[0-9a-fA-F]+|0[bB][01]+|0[oO][0-7]+)\\.(?P<month>[-+ ]?\\d+|0[xX][0-9a-fA-F]+|[0-9a-fA-F]+|0[bB][01]+|0[oO][0-7]+)\\.(?P<year>[-+ ]?\\d+|0[xX][0-9a-fA-F]+|[0-9a-fA-F]+|0[bB][01]+|0[oO][0-7]+)'
2014-12-18 14:05:58 parse DEBUG format u'kp0040.asp?__kgrnr={committee_id:d}' -> u'kp0040\\.asp\\?__kgrnr=(?P<committee_id>[-+ ]?\\d+|0[xX][0-9a-fA-F]+|[0-9a-fA-F]+|0[bB][01]+|0[oO][0-7]+)'
2014-12-18 14:05:58 parse DEBUG format '{day:d}.{month:d}.{year:d} {hour:d}:{minute:d}-{hourend:d}:{minuteend:d}' -> '(?P<day>[-+ ]?\\d+|0[xX][0-9a-fA-F]+|[0-9a-fA-F]+|0[bB][01]+|0[oO][0-7]+)\\.(?P<month>[-+ ]?\\d+|0[xX][0-9a-fA-F]+|[0-9a-fA-F]+|0[bB][01]+|0[oO][0-7]+)\\.(?P<year>[-+ ]?\\d+|0[xX][0-9a-fA-F]+|[0-9a-fA-F]+|0[bB][01]+|0[oO][0-7]+) (?P<hour>[-+ ]?\\d+|0[xX][0-9a-fA-F]+|[0-9a-fA-F]+|0[bB][01]+|0[oO][0-7]+):(?P<minute>[-+ ]?\\d+|0[xX][0-9a-fA-F]+|[0-9a-fA-F]+|0[bB][01]+|0[oO][0-7]+)-(?P<hourend>[-+ ]?\\d+|0[xX][0-9a-fA-F]+|[0-9a-fA-F]+|0[bB][01]+|0[oO][0-7]+):(?P<minuteend>[-+ ]?\\d+|0[xX][0-9a-fA-F]+|[0-9a-fA-F]+|0[bB][01]+|0[oO][0-7]+)'
2014-12-18 14:05:58 parse DEBUG format '{day:d}.{month:d}.{year:d} {hour:d}:{minute:d}' -> '(?P<day>[-+ ]?\\d+|0[xX][0-9a-fA-F]+|[0-9a-fA-F]+|0[bB][01]+|0[oO][0-7]+)\\.(?P<month>[-+ ]?\\d+|0[xX][0-9a-fA-F]+|[0-9a-fA-F]+|0[bB][01]+|0[oO][0-7]+)\\.(?P<year>[-+ ]?\\d+|0[xX][0-9a-fA-F]+|[0-9a-fA-F]+|0[bB][01]+|0[oO][0-7]+) (?P<hour>[-+ ]?\\d+|0[xX][0-9a-fA-F]+|[0-9a-fA-F]+|0[bB][01]+|0[oO][0-7]+):(?P<minute>[-+ ]?\\d+|0[xX][0-9a-fA-F]+|[0-9a-fA-F]+|0[bB][01]+|0[oO][0-7]+)'
2014-12-18 14:05:58 parse DEBUG format '{day:d}.{month:d}.{year:d}' -> '(?P<day>[-+ ]?\\d+|0[xX][0-9a-fA-F]+|[0-9a-fA-F]+|0[bB][01]+|0[oO][0-7]+)\\.(?P<month>[-+ ]?\\d+|0[xX][0-9a-fA-F]+|[0-9a-fA-F]+|0[bB][01]+|0[oO][0-7]+)\\.(?P<year>[-+ ]?\\d+|0[xX][0-9a-fA-F]+|[0-9a-fA-F]+|0[bB][01]+|0[oO][0-7]+)'
2014-12-18 14:05:58 parse DEBUG format '{day:d}.{month:d}.{year:d} {hour:d}:{minute:d}-{hourend:d}:{minuteend:d}' -> '(?P<day>[-+ ]?\\d+|0[xX][0-9a-fA-F]+|[0-9a-fA-F]+|0[bB][01]+|0[oO][0-7]+)\\.(?P<month>[-+ ]?\\d+|0[xX][0-9a-fA-F]+|[0-9a-fA-F]+|0[bB][01]+|0[oO][0-7]+)\\.(?P<year>[-+ ]?\\d+|0[xX][0-9a-fA-F]+|[0-9a-fA-F]+|0[bB][01]+|0[oO][0-7]+) (?P<hour>[-+ ]?\\d+|0[xX][0-9a-fA-F]+|[0-9a-fA-F]+|0[bB][01]+|0[oO][0-7]+):(?P<minute>[-+ ]?\\d+|0[xX][0-9a-fA-F]+|[0-9a-fA-F]+|0[bB][01]+|0[oO][0-7]+)-(?P<hourend>[-+ ]?\\d+|0[xX][0-9a-fA-F]+|[0-9a-fA-F]+|0[bB][01]+|0[oO][0-7]+):(?P<minuteend>[-+ ]?\\d+|0[xX][0-9a-fA-F]+|[0-9a-fA-F]+|0[bB][01]+|0[oO][0-7]+)'
2014-12-18 14:05:58 parse DEBUG format '{day:d}.{month:d}.{year:d} {hour:d}:{minute:d}' -> '(?P<day>[-+ ]?\\d+|0[xX][0-9a-fA-F]+|[0-9a-fA-F]+|0[bB][01]+|0[oO][0-7]+)\\.(?P<month>[-+ ]?\\d+|0[xX][0-9a-fA-F]+|[0-9a-fA-F]+|0[bB][01]+|0[oO][0-7]+)\\.(?P<year>[-+ ]?\\d+|0[xX][0-9a-fA-F]+|[0-9a-fA-F]+|0[bB][01]+|0[oO][0-7]+) (?P<hour>[-+ ]?\\d+|0[xX][0-9a-fA-F]+|[0-9a-fA-F]+|0[bB][01]+|0[oO][0-7]+):(?P<minute>[-+ ]?\\d+|0[xX][0-9a-fA-F]+|[0-9a-fA-F]+|0[bB][01]+|0[oO][0-7]+)'
2014-12-18 14:05:58 parse DEBUG format '{day:d}.{month:d}.{year:d}' -> '(?P<day>[-+ ]?\\d+|0[xX][0-9a-fA-F]+|[0-9a-fA-F]+|0[bB][01]+|0[oO][0-7]+)\\.(?P<month>[-+ ]?\\d+|0[xX][0-9a-fA-F]+|[0-9a-fA-F]+|0[bB][01]+|0[oO][0-7]+)\\.(?P<year>[-+ ]?\\d+|0[xX][0-9a-fA-F]+|[0-9a-fA-F]+|0[bB][01]+|0[oO][0-7]+)'
2014-12-18 14:05:59 root INFO organization 5492d1379bcda4068a94d13d inserted as new
2014-12-18 14:05:59 root INFO membership 5492d1379bcda4068a94d13e inserted as new
2014-12-18 14:05:59 root INFO organization 5492d1379bcda4068a94d13f inserted as new
2014-12-18 14:05:59 root INFO membership 5492d1379bcda4068a94d140 inserted as new
2014-12-18 14:05:59 root INFO organization 5492d1379bcda4068a94d141 inserted as new
2014-12-18 14:05:59 root INFO membership 5492d1379bcda4068a94d142 inserted as new
2014-12-18 14:05:59 root INFO organization 5492d1379bcda4068a94d143 inserted as new
2014-12-18 14:05:59 root INFO membership 5492d1379bcda4068a94d144 inserted as new
2014-12-18 14:05:59 root INFO organization 5492d1379bcda4068a94d145 inserted as new
2014-12-18 14:05:59 root INFO membership 5492d1379bcda4068a94d146 inserted as new
2014-12-18 14:05:59 root INFO organization 5492d1379bcda4068a94d147 inserted as new
2014-12-18 14:05:59 root INFO membership 5492d1379bcda4068a94d148 inserted as new
2014-12-18 14:05:59 root INFO organization 5492d1379bcda4068a94d149 inserted as new
2014-12-18 14:05:59 root INFO membership 5492d1379bcda4068a94d14a inserted as new
2014-12-18 14:05:59 root INFO person 5492d1379bcda4068a94d14b inserted as new
2014-12-18 14:05:59 root INFO Person 368 stored with _id 5492d1379bcda4068a94d14b
2014-12-18 14:05:59 root INFO Scraper finished.
