2014-12-18 14:01:43 root INFO Starting scraper with configuration from "547f8f369bcda406edffe62c" and loglevel "DEBUG"
2014-12-18 14:01:43 root INFO Getting meeting (session) 2903 from https://sessionnet.krz.de/moers/bi/to0040.asp?__ksinr=2903
2014-12-18 14:01:45 parse DEBUG format '{day:d}.{month:d}.{year:d} {hour:d}:{minute:d}-{hourend:d}:{minuteend:d}' -> '(?P<day>[-+ ]?\\d+|0[xX][0-9a-fA-F]+|[0-9a-fA-F]+|0[bB][01]+|0[oO][0-7]+)\\.(?P<month>[-+ ]?\\d+|0[xX][0-9a-fA-F]+|[0-9a-fA-F]+|0[bB][01]+|0[oO][0-7]+)\\.(?P<year>[-+ ]?\\d+|0[xX][0-9a-fA-F]+|[0-9a-fA-F]+|0[bB][01]+|0[oO][0-7]+) (?P<hour>[-+ ]?\\d+|0[xX][0-9a-fA-F]+|[0-9a-fA-F]+|0[bB][01]+|0[oO][0-7]+):(?P<minute>[-+ ]?\\d+|0[xX][0-9a-fA-F]+|[0-9a-fA-F]+|0[bB][01]+|0[oO][0-7]+)-(?P<hourend>[-+ ]?\\d+|0[xX][0-9a-fA-F]+|[0-9a-fA-F]+|0[bB][01]+|0[oO][0-7]+):(?P<minuteend>[-+ ]?\\d+|0[xX][0-9a-fA-F]+|[0-9a-fA-F]+|0[bB][01]+|0[oO][0-7]+)'
2014-12-18 14:01:45 parse DEBUG format '{day:d}.{month:d}.{year:d} {hour:d}:{minute:d}' -> '(?P<day>[-+ ]?\\d+|0[xX][0-9a-fA-F]+|[0-9a-fA-F]+|0[bB][01]+|0[oO][0-7]+)\\.(?P<month>[-+ ]?\\d+|0[xX][0-9a-fA-F]+|[0-9a-fA-F]+|0[bB][01]+|0[oO][0-7]+)\\.(?P<year>[-+ ]?\\d+|0[xX][0-9a-fA-F]+|[0-9a-fA-F]+|0[bB][01]+|0[oO][0-7]+) (?P<hour>[-+ ]?\\d+|0[xX][0-9a-fA-F]+|[0-9a-fA-F]+|0[bB][01]+|0[oO][0-7]+):(?P<minute>[-+ ]?\\d+|0[xX][0-9a-fA-F]+|[0-9a-fA-F]+|0[bB][01]+|0[oO][0-7]+)'
2014-12-18 14:01:45 parse DEBUG format '{day:d}.{month:d}.{year:d} {hour:d}:{minute:d}-{hourend:d}:{minuteend:d}' -> '(?P<day>[-+ ]?\\d+|0[xX][0-9a-fA-F]+|[0-9a-fA-F]+|0[bB][01]+|0[oO][0-7]+)\\.(?P<month>[-+ ]?\\d+|0[xX][0-9a-fA-F]+|[0-9a-fA-F]+|0[bB][01]+|0[oO][0-7]+)\\.(?P<year>[-+ ]?\\d+|0[xX][0-9a-fA-F]+|[0-9a-fA-F]+|0[bB][01]+|0[oO][0-7]+) (?P<hour>[-+ ]?\\d+|0[xX][0-9a-fA-F]+|[0-9a-fA-F]+|0[bB][01]+|0[oO][0-7]+):(?P<minute>[-+ ]?\\d+|0[xX][0-9a-fA-F]+|[0-9a-fA-F]+|0[bB][01]+|0[oO][0-7]+)-(?P<hourend>[-+ ]?\\d+|0[xX][0-9a-fA-F]+|[0-9a-fA-F]+|0[bB][01]+|0[oO][0-7]+):(?P<minuteend>[-+ ]?\\d+|0[xX][0-9a-fA-F]+|[0-9a-fA-F]+|0[bB][01]+|0[oO][0-7]+)'
2014-12-18 14:01:45 parse DEBUG format '{day:d}.{month:d}.{year:d} {hour:d}:{minute:d}' -> '(?P<day>[-+ ]?\\d+|0[xX][0-9a-fA-F]+|[0-9a-fA-F]+|0[bB][01]+|0[oO][0-7]+)\\.(?P<month>[-+ ]?\\d+|0[xX][0-9a-fA-F]+|[0-9a-fA-F]+|0[bB][01]+|0[oO][0-7]+)\\.(?P<year>[-+ ]?\\d+|0[xX][0-9a-fA-F]+|[0-9a-fA-F]+|0[bB][01]+|0[oO][0-7]+) (?P<hour>[-+ ]?\\d+|0[xX][0-9a-fA-F]+|[0-9a-fA-F]+|0[bB][01]+|0[oO][0-7]+):(?P<minute>[-+ ]?\\d+|0[xX][0-9a-fA-F]+|[0-9a-fA-F]+|0[bB][01]+|0[oO][0-7]+)'
2014-12-18 14:01:45 parse DEBUG format u'vo0050.asp?__kvonr={paper_id:d}' -> u'vo0050\\.asp\\?__kvonr=(?P<paper_id>[-+ ]?\\d+|0[xX][0-9a-fA-F]+|[0-9a-fA-F]+|0[bB][01]+|0[oO][0-7]+)'
2014-12-18 14:01:45 parse DEBUG format u'vo0050.asp?__kvonr={paper_id:d}' -> u'vo0050\\.asp\\?__kvonr=(?P<paper_id>[-+ ]?\\d+|0[xX][0-9a-fA-F]+|[0-9a-fA-F]+|0[bB][01]+|0[oO][0-7]+)'
2014-12-18 14:01:45 parse DEBUG format u'vo0050.asp?__kvonr={paper_id:d}' -> u'vo0050\\.asp\\?__kvonr=(?P<paper_id>[-+ ]?\\d+|0[xX][0-9a-fA-F]+|[0-9a-fA-F]+|0[bB][01]+|0[oO][0-7]+)'
2014-12-18 14:01:45 parse DEBUG format u'vo0050.asp?__kvonr={paper_id:d}' -> u'vo0050\\.asp\\?__kvonr=(?P<paper_id>[-+ ]?\\d+|0[xX][0-9a-fA-F]+|[0-9a-fA-F]+|0[bB][01]+|0[oO][0-7]+)'
2014-12-18 14:01:45 parse DEBUG format u'vo0050.asp?__kvonr={paper_id:d}' -> u'vo0050\\.asp\\?__kvonr=(?P<paper_id>[-+ ]?\\d+|0[xX][0-9a-fA-F]+|[0-9a-fA-F]+|0[bB][01]+|0[oO][0-7]+)'
2014-12-18 14:01:45 parse DEBUG format u'vo0050.asp?__kvonr={paper_id:d}' -> u'vo0050\\.asp\\?__kvonr=(?P<paper_id>[-+ ]?\\d+|0[xX][0-9a-fA-F]+|[0-9a-fA-F]+|0[bB][01]+|0[oO][0-7]+)'
2014-12-18 14:01:45 parse DEBUG format u'vo0050.asp?__kvonr={paper_id:d}' -> u'vo0050\\.asp\\?__kvonr=(?P<paper_id>[-+ ]?\\d+|0[xX][0-9a-fA-F]+|[0-9a-fA-F]+|0[bB][01]+|0[oO][0-7]+)'
2014-12-18 14:01:45 parse DEBUG format u'vo0050.asp?__kvonr={paper_id:d}' -> u'vo0050\\.asp\\?__kvonr=(?P<paper_id>[-+ ]?\\d+|0[xX][0-9a-fA-F]+|[0-9a-fA-F]+|0[bB][01]+|0[oO][0-7]+)'
2014-12-18 14:01:45 parse DEBUG format u'vo0050.asp?__kvonr={paper_id:d}' -> u'vo0050\\.asp\\?__kvonr=(?P<paper_id>[-+ ]?\\d+|0[xX][0-9a-fA-F]+|[0-9a-fA-F]+|0[bB][01]+|0[oO][0-7]+)'
2014-12-18 14:01:45 parse DEBUG format u'vo0050.asp?__kvonr={paper_id:d}' -> u'vo0050\\.asp\\?__kvonr=(?P<paper_id>[-+ ]?\\d+|0[xX][0-9a-fA-F]+|[0-9a-fA-F]+|0[bB][01]+|0[oO][0-7]+)'
2014-12-18 14:01:45 parse DEBUG format u'vo0050.asp?__kvonr={paper_id:d}' -> u'vo0050\\.asp\\?__kvonr=(?P<paper_id>[-+ ]?\\d+|0[xX][0-9a-fA-F]+|[0-9a-fA-F]+|0[bB][01]+|0[oO][0-7]+)'
2014-12-18 14:01:45 parse DEBUG format u'vo0050.asp?__kvonr={paper_id:d}' -> u'vo0050\\.asp\\?__kvonr=(?P<paper_id>[-+ ]?\\d+|0[xX][0-9a-fA-F]+|[0-9a-fA-F]+|0[bB][01]+|0[oO][0-7]+)'
2014-12-18 14:01:45 parse DEBUG format u'vo0050.asp?__kvonr={paper_id:d}' -> u'vo0050\\.asp\\?__kvonr=(?P<paper_id>[-+ ]?\\d+|0[xX][0-9a-fA-F]+|[0-9a-fA-F]+|0[bB][01]+|0[oO][0-7]+)'
2014-12-18 14:01:45 parse DEBUG format u'vo0050.asp?__kvonr={paper_id:d}' -> u'vo0050\\.asp\\?__kvonr=(?P<paper_id>[-+ ]?\\d+|0[xX][0-9a-fA-F]+|[0-9a-fA-F]+|0[bB][01]+|0[oO][0-7]+)'
2014-12-18 14:01:45 parse DEBUG format u'vo0050.asp?__kvonr={paper_id:d}' -> u'vo0050\\.asp\\?__kvonr=(?P<paper_id>[-+ ]?\\d+|0[xX][0-9a-fA-F]+|[0-9a-fA-F]+|0[bB][01]+|0[oO][0-7]+)'
2014-12-18 14:01:45 parse DEBUG format u'vo0050.asp?__kvonr={paper_id:d}' -> u'vo0050\\.asp\\?__kvonr=(?P<paper_id>[-+ ]?\\d+|0[xX][0-9a-fA-F]+|[0-9a-fA-F]+|0[bB][01]+|0[oO][0-7]+)'
2014-12-18 14:01:45 parse DEBUG format u'vo0050.asp?__kvonr={paper_id:d}' -> u'vo0050\\.asp\\?__kvonr=(?P<paper_id>[-+ ]?\\d+|0[xX][0-9a-fA-F]+|[0-9a-fA-F]+|0[bB][01]+|0[oO][0-7]+)'
2014-12-18 14:01:45 parse DEBUG format u'vo0050.asp?__kvonr={paper_id:d}' -> u'vo0050\\.asp\\?__kvonr=(?P<paper_id>[-+ ]?\\d+|0[xX][0-9a-fA-F]+|[0-9a-fA-F]+|0[bB][01]+|0[oO][0-7]+)'
2014-12-18 14:01:45 parse DEBUG format u'vo0050.asp?__kvonr={paper_id:d}' -> u'vo0050\\.asp\\?__kvonr=(?P<paper_id>[-+ ]?\\d+|0[xX][0-9a-fA-F]+|[0-9a-fA-F]+|0[bB][01]+|0[oO][0-7]+)'
2014-12-18 14:01:45 parse DEBUG format u'vo0050.asp?__kvonr={paper_id:d}' -> u'vo0050\\.asp\\?__kvonr=(?P<paper_id>[-+ ]?\\d+|0[xX][0-9a-fA-F]+|[0-9a-fA-F]+|0[bB][01]+|0[oO][0-7]+)'
2014-12-18 14:01:45 parse DEBUG format u'vo0050.asp?__kvonr={paper_id:d}' -> u'vo0050\\.asp\\?__kvonr=(?P<paper_id>[-+ ]?\\d+|0[xX][0-9a-fA-F]+|[0-9a-fA-F]+|0[bB][01]+|0[oO][0-7]+)'
2014-12-18 14:01:45 parse DEBUG format u'vo0050.asp?__kvonr={paper_id:d}' -> u'vo0050\\.asp\\?__kvonr=(?P<paper_id>[-+ ]?\\d+|0[xX][0-9a-fA-F]+|[0-9a-fA-F]+|0[bB][01]+|0[oO][0-7]+)'
2014-12-18 14:01:45 parse DEBUG format u'vo0050.asp?__kvonr={paper_id:d}' -> u'vo0050\\.asp\\?__kvonr=(?P<paper_id>[-+ ]?\\d+|0[xX][0-9a-fA-F]+|[0-9a-fA-F]+|0[bB][01]+|0[oO][0-7]+)'
2014-12-18 14:01:45 parse DEBUG format u'vo0050.asp?__kvonr={paper_id:d}' -> u'vo0050\\.asp\\?__kvonr=(?P<paper_id>[-+ ]?\\d+|0[xX][0-9a-fA-F]+|[0-9a-fA-F]+|0[bB][01]+|0[oO][0-7]+)'
2014-12-18 14:01:45 parse DEBUG format u'vo0050.asp?__kvonr={paper_id:d}' -> u'vo0050\\.asp\\?__kvonr=(?P<paper_id>[-+ ]?\\d+|0[xX][0-9a-fA-F]+|[0-9a-fA-F]+|0[bB][01]+|0[oO][0-7]+)'
2014-12-18 14:01:45 parse DEBUG format u'vo0050.asp?__kvonr={paper_id:d}' -> u'vo0050\\.asp\\?__kvonr=(?P<paper_id>[-+ ]?\\d+|0[xX][0-9a-fA-F]+|[0-9a-fA-F]+|0[bB][01]+|0[oO][0-7]+)'
2014-12-18 14:01:45 parse DEBUG format u'vo0050.asp?__kvonr={paper_id:d}' -> u'vo0050\\.asp\\?__kvonr=(?P<paper_id>[-+ ]?\\d+|0[xX][0-9a-fA-F]+|[0-9a-fA-F]+|0[bB][01]+|0[oO][0-7]+)'
2014-12-18 14:01:45 parse DEBUG format u'vo0050.asp?__kvonr={paper_id:d}' -> u'vo0050\\.asp\\?__kvonr=(?P<paper_id>[-+ ]?\\d+|0[xX][0-9a-fA-F]+|[0-9a-fA-F]+|0[bB][01]+|0[oO][0-7]+)'
2014-12-18 14:01:45 parse DEBUG format u'vo0050.asp?__kvonr={paper_id:d}' -> u'vo0050\\.asp\\?__kvonr=(?P<paper_id>[-+ ]?\\d+|0[xX][0-9a-fA-F]+|[0-9a-fA-F]+|0[bB][01]+|0[oO][0-7]+)'
2014-12-18 14:01:45 parse DEBUG format u'vo0050.asp?__kvonr={paper_id:d}' -> u'vo0050\\.asp\\?__kvonr=(?P<paper_id>[-+ ]?\\d+|0[xX][0-9a-fA-F]+|[0-9a-fA-F]+|0[bB][01]+|0[oO][0-7]+)'
2014-12-18 14:01:45 parse DEBUG format u'vo0050.asp?__kvonr={paper_id:d}' -> u'vo0050\\.asp\\?__kvonr=(?P<paper_id>[-+ ]?\\d+|0[xX][0-9a-fA-F]+|[0-9a-fA-F]+|0[bB][01]+|0[oO][0-7]+)'
2014-12-18 14:01:45 parse DEBUG format u'vo0050.asp?__kvonr={paper_id:d}' -> u'vo0050\\.asp\\?__kvonr=(?P<paper_id>[-+ ]?\\d+|0[xX][0-9a-fA-F]+|[0-9a-fA-F]+|0[bB][01]+|0[oO][0-7]+)'
2014-12-18 14:01:45 parse DEBUG format u'vo0050.asp?__kvonr={paper_id:d}' -> u'vo0050\\.asp\\?__kvonr=(?P<paper_id>[-+ ]?\\d+|0[xX][0-9a-fA-F]+|[0-9a-fA-F]+|0[bB][01]+|0[oO][0-7]+)'
2014-12-18 14:01:45 parse DEBUG format u'vo0050.asp?__kvonr={paper_id:d}' -> u'vo0050\\.asp\\?__kvonr=(?P<paper_id>[-+ ]?\\d+|0[xX][0-9a-fA-F]+|[0-9a-fA-F]+|0[bB][01]+|0[oO][0-7]+)'
2014-12-18 14:01:45 parse DEBUG format u'vo0050.asp?__kvonr={paper_id:d}' -> u'vo0050\\.asp\\?__kvonr=(?P<paper_id>[-+ ]?\\d+|0[xX][0-9a-fA-F]+|[0-9a-fA-F]+|0[bB][01]+|0[oO][0-7]+)'
2014-12-18 14:01:45 parse DEBUG format u'vo0050.asp?__kvonr={paper_id:d}' -> u'vo0050\\.asp\\?__kvonr=(?P<paper_id>[-+ ]?\\d+|0[xX][0-9a-fA-F]+|[0-9a-fA-F]+|0[bB][01]+|0[oO][0-7]+)'
2014-12-18 14:01:45 parse DEBUG format u'vo0050.asp?__kvonr={paper_id:d}' -> u'vo0050\\.asp\\?__kvonr=(?P<paper_id>[-+ ]?\\d+|0[xX][0-9a-fA-F]+|[0-9a-fA-F]+|0[bB][01]+|0[oO][0-7]+)'
2014-12-18 14:01:45 parse DEBUG format u'vo0050.asp?__kvonr={paper_id:d}' -> u'vo0050\\.asp\\?__kvonr=(?P<paper_id>[-+ ]?\\d+|0[xX][0-9a-fA-F]+|[0-9a-fA-F]+|0[bB][01]+|0[oO][0-7]+)'
2014-12-18 14:01:45 parse DEBUG format u'vo0050.asp?__kvonr={paper_id:d}' -> u'vo0050\\.asp\\?__kvonr=(?P<paper_id>[-+ ]?\\d+|0[xX][0-9a-fA-F]+|[0-9a-fA-F]+|0[bB][01]+|0[oO][0-7]+)'
2014-12-18 14:01:45 parse DEBUG format u'vo0050.asp?__kvonr={paper_id:d}' -> u'vo0050\\.asp\\?__kvonr=(?P<paper_id>[-+ ]?\\d+|0[xX][0-9a-fA-F]+|[0-9a-fA-F]+|0[bB][01]+|0[oO][0-7]+)'
2014-12-18 14:01:45 parse DEBUG format u'vo0050.asp?__kvonr={paper_id:d}' -> u'vo0050\\.asp\\?__kvonr=(?P<paper_id>[-+ ]?\\d+|0[xX][0-9a-fA-F]+|[0-9a-fA-F]+|0[bB][01]+|0[oO][0-7]+)'
2014-12-18 14:01:45 parse DEBUG format u'vo0050.asp?__kvonr={paper_id:d}' -> u'vo0050\\.asp\\?__kvonr=(?P<paper_id>[-+ ]?\\d+|0[xX][0-9a-fA-F]+|[0-9a-fA-F]+|0[bB][01]+|0[oO][0-7]+)'
2014-12-18 14:01:45 parse DEBUG format u'vo0050.asp?__kvonr={paper_id:d}' -> u'vo0050\\.asp\\?__kvonr=(?P<paper_id>[-+ ]?\\d+|0[xX][0-9a-fA-F]+|[0-9a-fA-F]+|0[bB][01]+|0[oO][0-7]+)'
2014-12-18 14:01:45 parse DEBUG format u'vo0050.asp?__kvonr={paper_id:d}' -> u'vo0050\\.asp\\?__kvonr=(?P<paper_id>[-+ ]?\\d+|0[xX][0-9a-fA-F]+|[0-9a-fA-F]+|0[bB][01]+|0[oO][0-7]+)'
2014-12-18 14:01:45 parse DEBUG format u'vo0050.asp?__kvonr={paper_id:d}' -> u'vo0050\\.asp\\?__kvonr=(?P<paper_id>[-+ ]?\\d+|0[xX][0-9a-fA-F]+|[0-9a-fA-F]+|0[bB][01]+|0[oO][0-7]+)'
2014-12-18 14:01:45 parse DEBUG format u'vo0050.asp?__kvonr={paper_id:d}' -> u'vo0050\\.asp\\?__kvonr=(?P<paper_id>[-+ ]?\\d+|0[xX][0-9a-fA-F]+|[0-9a-fA-F]+|0[bB][01]+|0[oO][0-7]+)'
2014-12-18 14:01:45 parse DEBUG format u'vo0050.asp?__kvonr={paper_id:d}' -> u'vo0050\\.asp\\?__kvonr=(?P<paper_id>[-+ ]?\\d+|0[xX][0-9a-fA-F]+|[0-9a-fA-F]+|0[bB][01]+|0[oO][0-7]+)'
2014-12-18 14:01:45 parse DEBUG format u'vo0050.asp?__kvonr={paper_id:d}' -> u'vo0050\\.asp\\?__kvonr=(?P<paper_id>[-+ ]?\\d+|0[xX][0-9a-fA-F]+|[0-9a-fA-F]+|0[bB][01]+|0[oO][0-7]+)'
2014-12-18 14:01:45 parse DEBUG format u'vo0050.asp?__kvonr={paper_id:d}' -> u'vo0050\\.asp\\?__kvonr=(?P<paper_id>[-+ ]?\\d+|0[xX][0-9a-fA-F]+|[0-9a-fA-F]+|0[bB][01]+|0[oO][0-7]+)'
2014-12-18 14:01:45 parse DEBUG format u'vo0050.asp?__kvonr={paper_id:d}' -> u'vo0050\\.asp\\?__kvonr=(?P<paper_id>[-+ ]?\\d+|0[xX][0-9a-fA-F]+|[0-9a-fA-F]+|0[bB][01]+|0[oO][0-7]+)'
2014-12-18 14:01:45 parse DEBUG format u'vo0050.asp?__kvonr={paper_id:d}' -> u'vo0050\\.asp\\?__kvonr=(?P<paper_id>[-+ ]?\\d+|0[xX][0-9a-fA-F]+|[0-9a-fA-F]+|0[bB][01]+|0[oO][0-7]+)'
2014-12-18 14:01:45 parse DEBUG format u'vo0050.asp?__kvonr={paper_id:d}' -> u'vo0050\\.asp\\?__kvonr=(?P<paper_id>[-+ ]?\\d+|0[xX][0-9a-fA-F]+|[0-9a-fA-F]+|0[bB][01]+|0[oO][0-7]+)'
2014-12-18 14:01:45 parse DEBUG format u'vo0050.asp?__kvonr={paper_id:d}' -> u'vo0050\\.asp\\?__kvonr=(?P<paper_id>[-+ ]?\\d+|0[xX][0-9a-fA-F]+|[0-9a-fA-F]+|0[bB][01]+|0[oO][0-7]+)'
2014-12-18 14:01:45 parse DEBUG format u'vo0050.asp?__kvonr={paper_id:d}' -> u'vo0050\\.asp\\?__kvonr=(?P<paper_id>[-+ ]?\\d+|0[xX][0-9a-fA-F]+|[0-9a-fA-F]+|0[bB][01]+|0[oO][0-7]+)'
2014-12-18 14:01:45 parse DEBUG format u'vo0050.asp?__kvonr={paper_id:d}' -> u'vo0050\\.asp\\?__kvonr=(?P<paper_id>[-+ ]?\\d+|0[xX][0-9a-fA-F]+|[0-9a-fA-F]+|0[bB][01]+|0[oO][0-7]+)'
2014-12-18 14:01:45 parse DEBUG format u'vo0050.asp?__kvonr={paper_id:d}' -> u'vo0050\\.asp\\?__kvonr=(?P<paper_id>[-+ ]?\\d+|0[xX][0-9a-fA-F]+|[0-9a-fA-F]+|0[bB][01]+|0[oO][0-7]+)'
2014-12-18 14:01:45 parse DEBUG format u'vo0050.asp?__kvonr={paper_id:d}' -> u'vo0050\\.asp\\?__kvonr=(?P<paper_id>[-+ ]?\\d+|0[xX][0-9a-fA-F]+|[0-9a-fA-F]+|0[bB][01]+|0[oO][0-7]+)'
2014-12-18 14:01:45 parse DEBUG format u'vo0050.asp?__kvonr={paper_id:d}' -> u'vo0050\\.asp\\?__kvonr=(?P<paper_id>[-+ ]?\\d+|0[xX][0-9a-fA-F]+|[0-9a-fA-F]+|0[bB][01]+|0[oO][0-7]+)'
2014-12-18 14:01:45 parse DEBUG format u'vo0050.asp?__kvonr={paper_id:d}' -> u'vo0050\\.asp\\?__kvonr=(?P<paper_id>[-+ ]?\\d+|0[xX][0-9a-fA-F]+|[0-9a-fA-F]+|0[bB][01]+|0[oO][0-7]+)'
2014-12-18 14:01:45 parse DEBUG format u'vo0050.asp?__kvonr={paper_id:d}' -> u'vo0050\\.asp\\?__kvonr=(?P<paper_id>[-+ ]?\\d+|0[xX][0-9a-fA-F]+|[0-9a-fA-F]+|0[bB][01]+|0[oO][0-7]+)'
2014-12-18 14:01:45 parse DEBUG format u'vo0050.asp?__kvonr={paper_id:d}' -> u'vo0050\\.asp\\?__kvonr=(?P<paper_id>[-+ ]?\\d+|0[xX][0-9a-fA-F]+|[0-9a-fA-F]+|0[bB][01]+|0[oO][0-7]+)'
2014-12-18 14:01:45 parse DEBUG format u'vo0050.asp?__kvonr={paper_id:d}' -> u'vo0050\\.asp\\?__kvonr=(?P<paper_id>[-+ ]?\\d+|0[xX][0-9a-fA-F]+|[0-9a-fA-F]+|0[bB][01]+|0[oO][0-7]+)'
2014-12-18 14:01:45 parse DEBUG format u'vo0050.asp?__kvonr={paper_id:d}' -> u'vo0050\\.asp\\?__kvonr=(?P<paper_id>[-+ ]?\\d+|0[xX][0-9a-fA-F]+|[0-9a-fA-F]+|0[bB][01]+|0[oO][0-7]+)'
2014-12-18 14:01:45 parse DEBUG format u'vo0050.asp?__kvonr={paper_id:d}' -> u'vo0050\\.asp\\?__kvonr=(?P<paper_id>[-+ ]?\\d+|0[xX][0-9a-fA-F]+|[0-9a-fA-F]+|0[bB][01]+|0[oO][0-7]+)'
2014-12-18 14:01:45 parse DEBUG format u'vo0050.asp?__kvonr={paper_id:d}' -> u'vo0050\\.asp\\?__kvonr=(?P<paper_id>[-+ ]?\\d+|0[xX][0-9a-fA-F]+|[0-9a-fA-F]+|0[bB][01]+|0[oO][0-7]+)'
2014-12-18 14:01:45 parse DEBUG format u'vo0050.asp?__kvonr={paper_id:d}' -> u'vo0050\\.asp\\?__kvonr=(?P<paper_id>[-+ ]?\\d+|0[xX][0-9a-fA-F]+|[0-9a-fA-F]+|0[bB][01]+|0[oO][0-7]+)'
2014-12-18 14:01:45 parse DEBUG format u'vo0050.asp?__kvonr={paper_id:d}' -> u'vo0050\\.asp\\?__kvonr=(?P<paper_id>[-+ ]?\\d+|0[xX][0-9a-fA-F]+|[0-9a-fA-F]+|0[bB][01]+|0[oO][0-7]+)'
2014-12-18 14:01:45 parse DEBUG format u'vo0050.asp?__kvonr={paper_id:d}' -> u'vo0050\\.asp\\?__kvonr=(?P<paper_id>[-+ ]?\\d+|0[xX][0-9a-fA-F]+|[0-9a-fA-F]+|0[bB][01]+|0[oO][0-7]+)'
2014-12-18 14:01:45 parse DEBUG format u'vo0050.asp?__kvonr={paper_id:d}' -> u'vo0050\\.asp\\?__kvonr=(?P<paper_id>[-+ ]?\\d+|0[xX][0-9a-fA-F]+|[0-9a-fA-F]+|0[bB][01]+|0[oO][0-7]+)'
2014-12-18 14:01:45 parse DEBUG format u'vo0050.asp?__kvonr={paper_id:d}' -> u'vo0050\\.asp\\?__kvonr=(?P<paper_id>[-+ ]?\\d+|0[xX][0-9a-fA-F]+|[0-9a-fA-F]+|0[bB][01]+|0[oO][0-7]+)'
2014-12-18 14:01:45 parse DEBUG format u'vo0050.asp?__kvonr={paper_id:d}' -> u'vo0050\\.asp\\?__kvonr=(?P<paper_id>[-+ ]?\\d+|0[xX][0-9a-fA-F]+|[0-9a-fA-F]+|0[bB][01]+|0[oO][0-7]+)'
2014-12-18 14:01:45 parse DEBUG format u'vo0050.asp?__kvonr={paper_id:d}' -> u'vo0050\\.asp\\?__kvonr=(?P<paper_id>[-+ ]?\\d+|0[xX][0-9a-fA-F]+|[0-9a-fA-F]+|0[bB][01]+|0[oO][0-7]+)'
2014-12-18 14:01:45 parse DEBUG format u'vo0050.asp?__kvonr={paper_id:d}' -> u'vo0050\\.asp\\?__kvonr=(?P<paper_id>[-+ ]?\\d+|0[xX][0-9a-fA-F]+|[0-9a-fA-F]+|0[bB][01]+|0[oO][0-7]+)'
2014-12-18 14:01:45 parse DEBUG format u'vo0050.asp?__kvonr={paper_id:d}' -> u'vo0050\\.asp\\?__kvonr=(?P<paper_id>[-+ ]?\\d+|0[xX][0-9a-fA-F]+|[0-9a-fA-F]+|0[bB][01]+|0[oO][0-7]+)'
2014-12-18 14:01:45 parse DEBUG format u'vo0050.asp?__kvonr={paper_id:d}' -> u'vo0050\\.asp\\?__kvonr=(?P<paper_id>[-+ ]?\\d+|0[xX][0-9a-fA-F]+|[0-9a-fA-F]+|0[bB][01]+|0[oO][0-7]+)'
2014-12-18 14:01:45 parse DEBUG format u'vo0050.asp?__kvonr={paper_id:d}' -> u'vo0050\\.asp\\?__kvonr=(?P<paper_id>[-+ ]?\\d+|0[xX][0-9a-fA-F]+|[0-9a-fA-F]+|0[bB][01]+|0[oO][0-7]+)'
2014-12-18 14:01:45 parse DEBUG format u'vo0050.asp?__kvonr={paper_id:d}' -> u'vo0050\\.asp\\?__kvonr=(?P<paper_id>[-+ ]?\\d+|0[xX][0-9a-fA-F]+|[0-9a-fA-F]+|0[bB][01]+|0[oO][0-7]+)'
2014-12-18 14:01:45 parse DEBUG format u'vo0050.asp?__kvonr={paper_id:d}' -> u'vo0050\\.asp\\?__kvonr=(?P<paper_id>[-+ ]?\\d+|0[xX][0-9a-fA-F]+|[0-9a-fA-F]+|0[bB][01]+|0[oO][0-7]+)'
2014-12-18 14:01:45 parse DEBUG format u'vo0050.asp?__kvonr={paper_id:d}' -> u'vo0050\\.asp\\?__kvonr=(?P<paper_id>[-+ ]?\\d+|0[xX][0-9a-fA-F]+|[0-9a-fA-F]+|0[bB][01]+|0[oO][0-7]+)'
2014-12-18 14:01:45 parse DEBUG format u'vo0050.asp?__kvonr={paper_id:d}' -> u'vo0050\\.asp\\?__kvonr=(?P<paper_id>[-+ ]?\\d+|0[xX][0-9a-fA-F]+|[0-9a-fA-F]+|0[bB][01]+|0[oO][0-7]+)'
2014-12-18 14:01:45 parse DEBUG format u'vo0050.asp?__kvonr={paper_id:d}' -> u'vo0050\\.asp\\?__kvonr=(?P<paper_id>[-+ ]?\\d+|0[xX][0-9a-fA-F]+|[0-9a-fA-F]+|0[bB][01]+|0[oO][0-7]+)'
2014-12-18 14:01:45 parse DEBUG format u'vo0050.asp?__kvonr={paper_id:d}' -> u'vo0050\\.asp\\?__kvonr=(?P<paper_id>[-+ ]?\\d+|0[xX][0-9a-fA-F]+|[0-9a-fA-F]+|0[bB][01]+|0[oO][0-7]+)'
2014-12-18 14:01:45 parse DEBUG format u'vo0050.asp?__kvonr={paper_id:d}' -> u'vo0050\\.asp\\?__kvonr=(?P<paper_id>[-+ ]?\\d+|0[xX][0-9a-fA-F]+|[0-9a-fA-F]+|0[bB][01]+|0[oO][0-7]+)'
2014-12-18 14:01:45 parse DEBUG format u'vo0050.asp?__kvonr={paper_id:d}' -> u'vo0050\\.asp\\?__kvonr=(?P<paper_id>[-+ ]?\\d+|0[xX][0-9a-fA-F]+|[0-9a-fA-F]+|0[bB][01]+|0[oO][0-7]+)'
2014-12-18 14:01:45 root INFO Getting file '46658'
2014-12-18 14:01:46 root INFO agendaitem 5492d03a9bcda4066da77d32 inserted as new
2014-12-18 14:01:46 root INFO agendaitem 5492d03a9bcda4066da77d33 inserted as new
2014-12-18 14:01:46 root INFO agendaitem 5492d03a9bcda4066da77d34 inserted as new
2014-12-18 14:01:46 root INFO agendaitem 5492d03a9bcda4066da77d35 inserted as new
2014-12-18 14:01:46 root INFO agendaitem 5492d03a9bcda4066da77d36 inserted as new
2014-12-18 14:01:46 root INFO agendaitem 5492d03a9bcda4066da77d37 inserted as new
2014-12-18 14:01:46 root INFO agendaitem 5492d03a9bcda4066da77d38 inserted as new
2014-12-18 14:01:46 root INFO agendaitem 5492d03a9bcda4066da77d39 inserted as new
2014-12-18 14:01:47 root INFO paper 5492d03b9bcda4066da77d3a inserted as new
2014-12-18 14:01:47 root INFO consultation 5492d03b9bcda4066da77d3b inserted as new
2014-12-18 14:01:47 root INFO agendaitem 5492d03b9bcda4066da77d3c inserted as new
2014-12-18 14:01:47 root INFO paper 5492d03b9bcda4066da77d3d inserted as new
2014-12-18 14:01:47 root INFO consultation 5492d03b9bcda4066da77d3e inserted as new
2014-12-18 14:01:47 root INFO agendaitem 5492d03b9bcda4066da77d3f inserted as new
2014-12-18 14:01:47 root INFO paper 5492d03b9bcda4066da77d40 inserted as new
2014-12-18 14:01:47 root INFO consultation 5492d03b9bcda4066da77d41 inserted as new
2014-12-18 14:01:47 root INFO agendaitem 5492d03b9bcda4066da77d42 inserted as new
2014-12-18 14:01:47 root INFO paper 5492d03b9bcda4066da77d43 inserted as new
2014-12-18 14:01:47 root INFO consultation 5492d03b9bcda4066da77d44 inserted as new
2014-12-18 14:01:47 root INFO agendaitem 5492d03b9bcda4066da77d45 inserted as new
2014-12-18 14:01:47 root INFO paper 5492d03b9bcda4066da77d46 inserted as new
2014-12-18 14:01:47 root INFO consultation 5492d03b9bcda4066da77d47 inserted as new
2014-12-18 14:01:47 root INFO agendaitem 5492d03b9bcda4066da77d48 inserted as new
2014-12-18 14:01:47 root INFO paper 5492d03b9bcda4066da77d49 inserted as new
2014-12-18 14:01:47 root INFO consultation 5492d03b9bcda4066da77d4a inserted as new
2014-12-18 14:01:47 root INFO agendaitem 5492d03b9bcda4066da77d4b inserted as new
2014-12-18 14:01:47 root INFO paper 5492d03b9bcda4066da77d4c inserted as new
2014-12-18 14:01:47 root INFO consultation 5492d03b9bcda4066da77d4d inserted as new
2014-12-18 14:01:47 root INFO agendaitem 5492d03b9bcda4066da77d4e inserted as new
2014-12-18 14:01:47 root INFO paper 5492d03b9bcda4066da77d4f inserted as new
2014-12-18 14:01:47 root INFO consultation 5492d03b9bcda4066da77d50 inserted as new
2014-12-18 14:01:47 root INFO agendaitem 5492d03b9bcda4066da77d51 inserted as new
2014-12-18 14:01:47 root INFO paper 5492d03b9bcda4066da77d52 inserted as new
2014-12-18 14:01:47 root INFO consultation 5492d03b9bcda4066da77d53 inserted as new
2014-12-18 14:01:47 root INFO agendaitem 5492d03b9bcda4066da77d54 inserted as new
2014-12-18 14:01:47 root INFO paper 5492d03b9bcda4066da77d55 inserted as new
2014-12-18 14:01:47 root INFO consultation 5492d03b9bcda4066da77d56 inserted as new
2014-12-18 14:01:47 root INFO agendaitem 5492d03b9bcda4066da77d57 inserted as new
2014-12-18 14:01:47 root INFO paper 5492d03b9bcda4066da77d58 inserted as new
2014-12-18 14:01:47 root INFO consultation 5492d03b9bcda4066da77d59 inserted as new
2014-12-18 14:01:47 root INFO agendaitem 5492d03b9bcda4066da77d5a inserted as new
2014-12-18 14:01:47 root INFO paper 5492d03b9bcda4066da77d5b inserted as new
2014-12-18 14:01:47 root INFO consultation 5492d03b9bcda4066da77d5c inserted as new
2014-12-18 14:01:47 root INFO agendaitem 5492d03b9bcda4066da77d5d inserted as new
2014-12-18 14:01:47 root INFO agendaitem 5492d03b9bcda4066da77d5e inserted as new
2014-12-18 14:01:47 root INFO agendaitem 5492d03b9bcda4066da77d5f inserted as new
2014-12-18 14:01:47 root INFO agendaitem 5492d03b9bcda4066da77d60 inserted as new
2014-12-18 14:01:47 root INFO agendaitem 5492d03b9bcda4066da77d61 inserted as new
2014-12-18 14:01:47 root INFO agendaitem 5492d03b9bcda4066da77d62 inserted as new
2014-12-18 14:01:47 root INFO agendaitem 5492d03b9bcda4066da77d63 inserted as new
2014-12-18 14:01:47 root INFO agendaitem 5492d03b9bcda4066da77d64 inserted as new
2014-12-18 14:01:47 root INFO agendaitem 5492d03b9bcda4066da77d65 inserted as new
2014-12-18 14:01:47 root INFO agendaitem 5492d03b9bcda4066da77d66 inserted as new
2014-12-18 14:01:47 root INFO agendaitem 5492d03b9bcda4066da77d67 inserted as new
2014-12-18 14:01:47 root INFO agendaitem 5492d03b9bcda4066da77d68 inserted as new
2014-12-18 14:01:47 root INFO agendaitem 5492d03b9bcda4066da77d69 inserted as new
2014-12-18 14:01:47 root INFO agendaitem 5492d03b9bcda4066da77d6a inserted as new
2014-12-18 14:01:47 root INFO agendaitem 5492d03b9bcda4066da77d6b inserted as new
2014-12-18 14:01:47 root INFO agendaitem 5492d03b9bcda4066da77d6c inserted as new
2014-12-18 14:01:49 root INFO New file version stored with _id=5492d03c9bcda4066da77d6d
2014-12-18 14:01:49 root INFO File 46658 inserted with _id 5492d03d9bcda4066da77d6f
2014-12-18 14:01:49 root INFO meeting 5492d03d9bcda4066da77d70 inserted as new
2014-12-18 14:01:49 root INFO Meeting 2903 stored with _id 5492d03d9bcda4066da77d70
2014-12-18 14:01:49 root INFO Scraper finished.
