2014-12-29 22:51:11 root INFO Starting scraper with configuration from "549404fa9bcda405c6f78ecc" and loglevel "DEBUG"
2014-12-29 22:51:12 root INFO Getting paper 35578 from https://ratsinformation.stadt-koeln.de/vo0050.asp?__kvonr=35578
2014-12-29 22:51:16 parse DEBUG format '{day:d}.{month:d}.{year:d} {hour:d}:{minute:d}-{hourend:d}:{minuteend:d}' -> '(?P<day>[-+ ]?\\d+|0[xX][0-9a-fA-F]+|[0-9a-fA-F]+|0[bB][01]+|0[oO][0-7]+)\\.(?P<month>[-+ ]?\\d+|0[xX][0-9a-fA-F]+|[0-9a-fA-F]+|0[bB][01]+|0[oO][0-7]+)\\.(?P<year>[-+ ]?\\d+|0[xX][0-9a-fA-F]+|[0-9a-fA-F]+|0[bB][01]+|0[oO][0-7]+) (?P<hour>[-+ ]?\\d+|0[xX][0-9a-fA-F]+|[0-9a-fA-F]+|0[bB][01]+|0[oO][0-7]+):(?P<minute>[-+ ]?\\d+|0[xX][0-9a-fA-F]+|[0-9a-fA-F]+|0[bB][01]+|0[oO][0-7]+)-(?P<hourend>[-+ ]?\\d+|0[xX][0-9a-fA-F]+|[0-9a-fA-F]+|0[bB][01]+|0[oO][0-7]+):(?P<minuteend>[-+ ]?\\d+|0[xX][0-9a-fA-F]+|[0-9a-fA-F]+|0[bB][01]+|0[oO][0-7]+)'
2014-12-29 22:51:16 parse DEBUG format '{day:d}.{month:d}.{year:d} {hour:d}:{minute:d}' -> '(?P<day>[-+ ]?\\d+|0[xX][0-9a-fA-F]+|[0-9a-fA-F]+|0[bB][01]+|0[oO][0-7]+)\\.(?P<month>[-+ ]?\\d+|0[xX][0-9a-fA-F]+|[0-9a-fA-F]+|0[bB][01]+|0[oO][0-7]+)\\.(?P<year>[-+ ]?\\d+|0[xX][0-9a-fA-F]+|[0-9a-fA-F]+|0[bB][01]+|0[oO][0-7]+) (?P<hour>[-+ ]?\\d+|0[xX][0-9a-fA-F]+|[0-9a-fA-F]+|0[bB][01]+|0[oO][0-7]+):(?P<minute>[-+ ]?\\d+|0[xX][0-9a-fA-F]+|[0-9a-fA-F]+|0[bB][01]+|0[oO][0-7]+)'
2014-12-29 22:51:16 parse DEBUG format '{day:d}.{month:d}.{year:d}' -> '(?P<day>[-+ ]?\\d+|0[xX][0-9a-fA-F]+|[0-9a-fA-F]+|0[bB][01]+|0[oO][0-7]+)\\.(?P<month>[-+ ]?\\d+|0[xX][0-9a-fA-F]+|[0-9a-fA-F]+|0[bB][01]+|0[oO][0-7]+)\\.(?P<year>[-+ ]?\\d+|0[xX][0-9a-fA-F]+|[0-9a-fA-F]+|0[bB][01]+|0[oO][0-7]+)'
2014-12-29 22:51:16 parse DEBUG format u'vo0050.asp?__kvonr={paper_id:d}' -> u'vo0050\\.asp\\?__kvonr=(?P<paper_id>[-+ ]?\\d+|0[xX][0-9a-fA-F]+|[0-9a-fA-F]+|0[bB][01]+|0[oO][0-7]+)'
2014-12-29 22:51:16 parse DEBUG format u'vo0050.asp?__kvonr={paper_id:d}' -> u'vo0050\\.asp\\?__kvonr=(?P<paper_id>[-+ ]?\\d+|0[xX][0-9a-fA-F]+|[0-9a-fA-F]+|0[bB][01]+|0[oO][0-7]+)'
2014-12-29 22:51:32 root INFO Starting scraper with configuration from "549404fa9bcda405c6f78ecc" and loglevel "DEBUG"
2014-12-29 22:51:32 root INFO Getting paper 35578 from https://ratsinformation.stadt-koeln.de/vo0050.asp?__kvonr=35578
2014-12-29 22:51:35 parse DEBUG format '{day:d}.{month:d}.{year:d} {hour:d}:{minute:d}-{hourend:d}:{minuteend:d}' -> '(?P<day>[-+ ]?\\d+|0[xX][0-9a-fA-F]+|[0-9a-fA-F]+|0[bB][01]+|0[oO][0-7]+)\\.(?P<month>[-+ ]?\\d+|0[xX][0-9a-fA-F]+|[0-9a-fA-F]+|0[bB][01]+|0[oO][0-7]+)\\.(?P<year>[-+ ]?\\d+|0[xX][0-9a-fA-F]+|[0-9a-fA-F]+|0[bB][01]+|0[oO][0-7]+) (?P<hour>[-+ ]?\\d+|0[xX][0-9a-fA-F]+|[0-9a-fA-F]+|0[bB][01]+|0[oO][0-7]+):(?P<minute>[-+ ]?\\d+|0[xX][0-9a-fA-F]+|[0-9a-fA-F]+|0[bB][01]+|0[oO][0-7]+)-(?P<hourend>[-+ ]?\\d+|0[xX][0-9a-fA-F]+|[0-9a-fA-F]+|0[bB][01]+|0[oO][0-7]+):(?P<minuteend>[-+ ]?\\d+|0[xX][0-9a-fA-F]+|[0-9a-fA-F]+|0[bB][01]+|0[oO][0-7]+)'
2014-12-29 22:51:35 parse DEBUG format '{day:d}.{month:d}.{year:d} {hour:d}:{minute:d}' -> '(?P<day>[-+ ]?\\d+|0[xX][0-9a-fA-F]+|[0-9a-fA-F]+|0[bB][01]+|0[oO][0-7]+)\\.(?P<month>[-+ ]?\\d+|0[xX][0-9a-fA-F]+|[0-9a-fA-F]+|0[bB][01]+|0[oO][0-7]+)\\.(?P<year>[-+ ]?\\d+|0[xX][0-9a-fA-F]+|[0-9a-fA-F]+|0[bB][01]+|0[oO][0-7]+) (?P<hour>[-+ ]?\\d+|0[xX][0-9a-fA-F]+|[0-9a-fA-F]+|0[bB][01]+|0[oO][0-7]+):(?P<minute>[-+ ]?\\d+|0[xX][0-9a-fA-F]+|[0-9a-fA-F]+|0[bB][01]+|0[oO][0-7]+)'
2014-12-29 22:51:35 parse DEBUG format '{day:d}.{month:d}.{year:d}' -> '(?P<day>[-+ ]?\\d+|0[xX][0-9a-fA-F]+|[0-9a-fA-F]+|0[bB][01]+|0[oO][0-7]+)\\.(?P<month>[-+ ]?\\d+|0[xX][0-9a-fA-F]+|[0-9a-fA-F]+|0[bB][01]+|0[oO][0-7]+)\\.(?P<year>[-+ ]?\\d+|0[xX][0-9a-fA-F]+|[0-9a-fA-F]+|0[bB][01]+|0[oO][0-7]+)'
2014-12-29 22:51:35 parse DEBUG format u'vo0050.asp?__kvonr={paper_id:d}' -> u'vo0050\\.asp\\?__kvonr=(?P<paper_id>[-+ ]?\\d+|0[xX][0-9a-fA-F]+|[0-9a-fA-F]+|0[bB][01]+|0[oO][0-7]+)'
2014-12-29 22:51:35 root INFO Getting file '2813_2012_Beschlussvorlage_Rat'
2014-12-29 22:51:36 root INFO Getting file '2813_2012_1_RVO_2013_Anlage_1'
2014-12-29 22:51:38 root INFO Getting file '2813_2012_Anlassbegruendungen_2013_Anlage_3'
2014-12-29 22:51:38 root INFO Getting file '2813_2012_Freigegebene_Sonntage_2008_-_2013_Anlage_2_a'
2014-12-29 22:51:39 root INFO Getting file '2813_2012_Terminuebersicht_2013_Anlage_2_b'
2014-12-29 22:51:44 root INFO New file version stored with _id=54a1ccf09bcda411b3b2db86
2014-12-29 22:51:44 root INFO File 2813_2012_Beschlussvorlage_Rat inserted with _id 54a1ccf09bcda411b3b2db88
2014-12-29 22:51:44 root INFO New file version stored with _id=54a1ccf09bcda411b3b2db89
2014-12-29 22:51:44 root INFO File 2813_2012_1_RVO_2013_Anlage_1 inserted with _id 54a1ccf09bcda411b3b2db8b
2014-12-29 22:51:44 root INFO New file version stored with _id=54a1ccf09bcda411b3b2db8c
2014-12-29 22:51:44 root INFO File 2813_2012_Anlassbegruendungen_2013_Anlage_3 inserted with _id 54a1ccf09bcda411b3b2db8e
2014-12-29 22:51:44 root INFO New file version stored with _id=54a1ccf09bcda411b3b2db8f
2014-12-29 22:51:44 root INFO File 2813_2012_Freigegebene_Sonntage_2008_-_2013_Anlage_2_a inserted with _id 54a1ccf09bcda411b3b2db91
2014-12-29 22:51:44 root INFO New file version stored with _id=54a1ccf09bcda411b3b2db92
2014-12-29 22:51:44 root INFO File 2813_2012_Terminuebersicht_2013_Anlage_2_b inserted with _id 54a1ccf09bcda411b3b2db94
2014-12-29 22:51:45 root INFO paper 54a1ccf09bcda411b3b2db95 inserted as new
2014-12-29 22:51:45 root INFO paper 54a1ccf19bcda411b3b2db96 inserted as new
2014-12-29 22:51:45 root INFO Scraper finished.
